[debug] [2019-06-19T18:17:51.604Z] ----------------------------------------------------------------------
[debug] [2019-06-19T18:17:51.606Z] Command:       /home/morat-van/.nvm/versions/node/v10.15.3/bin/node /home/morat-van/.nvm/versions/node/v10.15.3/bin/firebase functions:shell
[debug] [2019-06-19T18:17:51.606Z] CLI Version:   6.11.0
[debug] [2019-06-19T18:17:51.606Z] Platform:      linux
[debug] [2019-06-19T18:17:51.606Z] Node Version:  v10.15.3
[debug] [2019-06-19T18:17:51.607Z] Time:          Wed Jun 19 2019 15:17:51 GMT-0300 (Argentina Standard Time)
[debug] [2019-06-19T18:17:51.607Z] ----------------------------------------------------------------------
[debug] 
[debug] [2019-06-19T18:17:51.613Z] > command requires scopes: ["email","openid","https://www.googleapis.com/auth/cloudplatformprojects.readonly","https://www.googleapis.com/auth/firebase","https://www.googleapis.com/auth/cloud-platform"]
[debug] [2019-06-19T18:17:51.613Z] > authorizing via signed-in user
[debug] [2019-06-19T18:17:51.613Z] [iam] checking project arubair-flows for permissions ["firebase.projects.get"]
[debug] [2019-06-19T18:17:51.615Z] > refreshing access token with scopes: ["email","https://www.googleapis.com/auth/cloud-platform","https://www.googleapis.com/auth/cloudplatformprojects.readonly","https://www.googleapis.com/auth/firebase","openid"]
[debug] [2019-06-19T18:17:51.615Z] >>> HTTP REQUEST POST https://www.googleapis.com/oauth2/v3/token  
 <request body omitted>
[debug] [2019-06-19T18:17:51.937Z] <<< HTTP RESPONSE 200
[debug] [2019-06-19T18:17:51.970Z] >>> HTTP REQUEST POST https://cloudresourcemanager.googleapis.com/v1/projects/arubair-flows:testIamPermissions  

[debug] [2019-06-19T18:17:53.760Z] <<< HTTP RESPONSE 200
[debug] [2019-06-19T18:17:53.788Z] [functions] Using node@10 from host.
[debug] [2019-06-19T18:17:53.789Z] >>> HTTP REQUEST GET https://cloudresourcemanager.googleapis.com/v1/projects/arubair-flows  
 
[debug] [2019-06-19T18:17:55.080Z] <<< HTTP RESPONSE 200
[debug] [2019-06-19T18:17:55.081Z] >>> HTTP REQUEST GET https://mobilesdk-pa.googleapis.com/v1/projects/619775745147:getServerAppConfig  
 
[debug] [2019-06-19T18:17:55.596Z] <<< HTTP RESPONSE 200
[info] ✔  functions: Emulator started at http://localhost:5001
[debug] [2019-06-19T18:17:55.609Z] [functions] Watching "/home/morat-van/dev/work/arubair/app/functions" for Cloud Functions...
[debug] [2019-06-19T18:17:55.897Z] DEBUG: Functions runtime initialized.
[debug] [2019-06-19T18:17:55.898Z] DEBUG: Disabled runtime features: {"functions_config_helper":true,"network_filtering":true,"timeout":true,"memory_limiting":true,"protect_env":true,"admin_stubs":true}
[debug] [2019-06-19T18:17:57.033Z] DEBUG: firebase-admin has been stubbed.
[info] i  Your code has been provided a "firebase-admin" instance.
[debug] [2019-06-19T18:17:57.865Z] [functions] HTTP trigger initialized at http://localhost:5001/arubair-flows/us-central1/sendTaskEmailsNow
[debug] [2019-06-19T18:17:57.865Z] [functions] HTTP trigger initialized at http://localhost:5001/arubair-flows/us-central1/checkDues
[info] i  functions: Loaded functions: sendTaskEmailsNow, checkDues
